<html>
<head>
<title>TestNG:  Sandbox</title>
<link href="../testng.css" rel="stylesheet" type="text/css" />
<link href="../my-testng.css" rel="stylesheet" type="text/css" />

<style type="text/css">
.log { display: none;} 
.stack-trace { display: none;} 
</style>
<script type="text/javascript">
<!--
function flip(e) {
  current = e.style.display;
  if (current == 'block') {
    e.style.display = 'none';
    return 0;
  }
  else {
    e.style.display = 'block';
    return 1;
  }
}

function toggleBox(szDivId, elem, msg1, msg2)
{
  var res = -1;  if (document.getElementById) {
    res = flip(document.getElementById(szDivId));
  }
  else if (document.all) {
    // this is the way old msie versions work
    res = flip(document.all[szDivId]);
  }
  if(elem) {
    if(res == 0) elem.innerHTML = msg1; else elem.innerHTML = msg2;
  }

}

function toggleAllBoxes() {
  if (document.getElementsByTagName) {
    d = document.getElementsByTagName('div');
    for (i = 0; i < d.length; i++) {
      if (d[i].className == 'log') {
        flip(d[i]);
      }
    }
  }
}

// -->
</script>

</head>
<body>
<h2 align='center'>Sandbox</h2><table border='1' align="center">
<tr>
<td>Tests passed/Failed/Skipped:</td><td>4/2/0</td>
</tr><tr>
<td>Started on:</td><td>Wed Aug 08 19:06:33 CEST 2018</td>
</tr>
<tr><td>Total time:</td><td>85 seconds (85404 ms)</td>
</tr><tr>
<td>Included groups:</td><td></td>
</tr><tr>
<td>Excluded groups:</td><td></td>
</tr>
</table><p/>
<small><i>(Hover the method name to see the test class name)</i></small><p/>
<table width='100%' border='1' class='invocation-failed'>
<tr><td colspan='4' align='center'><b>FAILED TESTS</b></td></tr>
<tr><td><b>Test method</b></td>
<td width="30%"><b>Exception</b></td>
<td width="10%"><b>Time (seconds)</b></td>
<td><b>Instance</b></td>
</tr>
<tr>
<td title='ru.stqa.pft.addressbook.test.ContactModificationTest.testContactModification()'><b>testContactModification</b><br>Test class: ru.stqa.pft.addressbook.test.ContactModificationTest</td>
<td><div><pre>java.lang.AssertionError: Lists differ at element [7]: ContactData{id=&apos;41&apos;, name=&apos;Jezierska Hanna +483453845&apos;} != ContactData{id=&apos;41&apos;, name=&apos;Hanna&apos;} expected [ContactData{id=&apos;41&apos;, name=&apos;Jezierska Hanna +483453845&apos;}] but found [ContactData{id=&apos;41&apos;, name=&apos;Hanna&apos;}]
	at ru.stqa.pft.addressbook.test.ContactModificationTest.testContactModification(ContactModificationTest.java:36)
... Removed 29 stack frames</pre></div><a href='#' onClick='toggleBox("stack-trace1128948651", this, "Click to show all stack frames", "Click to hide stack frames")'>Click to show all stack frames</a>
<div class='stack-trace' id='stack-trace1128948651'><pre>java.lang.AssertionError: Lists differ at element [7]: ContactData{id=&apos;41&apos;, name=&apos;Jezierska Hanna +483453845&apos;} != ContactData{id=&apos;41&apos;, name=&apos;Hanna&apos;} expected [ContactData{id=&apos;41&apos;, name=&apos;Jezierska Hanna +483453845&apos;}] but found [ContactData{id=&apos;41&apos;, name=&apos;Hanna&apos;}]
	at org.testng.Assert.fail(Assert.java:96)
	at org.testng.Assert.failNotEquals(Assert.java:776)
	at org.testng.Assert.assertEqualsImpl(Assert.java:137)
	at org.testng.Assert.assertEquals(Assert.java:831)
	at org.testng.Assert.assertEquals(Assert.java:796)
	at ru.stqa.pft.addressbook.test.ContactModificationTest.testContactModification(ContactModificationTest.java:36)
	at sun.reflect.NativeMethodAccessorImpl.invoke0(Native Method)
	at sun.reflect.NativeMethodAccessorImpl.invoke(NativeMethodAccessorImpl.java:62)
	at sun.reflect.DelegatingMethodAccessorImpl.invoke(DelegatingMethodAccessorImpl.java:43)
	at java.lang.reflect.Method.invoke(Method.java:498)
	at org.testng.internal.MethodInvocationHelper.invokeMethod(MethodInvocationHelper.java:124)
	at org.testng.internal.Invoker.invokeMethod(Invoker.java:580)
	at org.testng.internal.Invoker.invokeTestMethod(Invoker.java:716)
	at org.testng.internal.Invoker.invokeTestMethods(Invoker.java:988)
	at org.testng.internal.TestMethodWorker.invokeTestMethods(TestMethodWorker.java:125)
	at org.testng.internal.TestMethodWorker.run(TestMethodWorker.java:109)
	at org.testng.TestRunner.privateRun(TestRunner.java:648)
	at org.testng.TestRunner.run(TestRunner.java:505)
	at org.testng.SuiteRunner.runTest(SuiteRunner.java:455)
	at org.testng.SuiteRunner.runSequentially(SuiteRunner.java:450)
	at org.testng.SuiteRunner.privateRun(SuiteRunner.java:415)
	at org.testng.SuiteRunner.run(SuiteRunner.java:364)
	at org.testng.SuiteRunnerWorker.runSuite(SuiteRunnerWorker.java:52)
	at org.testng.SuiteRunnerWorker.run(SuiteRunnerWorker.java:84)
	at org.testng.TestNG.runSuitesSequentially(TestNG.java:1208)
	at org.testng.TestNG.runSuitesLocally(TestNG.java:1137)
	at org.testng.TestNG.runSuites(TestNG.java:1049)
	at org.testng.TestNG.run(TestNG.java:1017)
	at org.testng.IDEARemoteTestNG.run(IDEARemoteTestNG.java:72)
	at org.testng.RemoteTestNGStarter.main(RemoteTestNGStarter.java:123)
</pre></div></td>
<td>6</td>
<td>ru.stqa.pft.addressbook.test.ContactModificationTest@1d251891</td></tr>
<tr>
<td title='ru.stqa.pft.addressbook.test.NewContactCreation.testNewContactCreation()'><b>testNewContactCreation</b><br>Test class: ru.stqa.pft.addressbook.test.NewContactCreation</td>
<td><div><pre>java.lang.AssertionError: Lists differ at element [8]: ContactData{id=&apos;43&apos;, name=&apos;Jezierska Hanna +483453845&apos;} != ContactData{id=&apos;2147483647&apos;, name=&apos;Hanna&apos;} expected [ContactData{id=&apos;43&apos;, name=&apos;Jezierska Hanna +483453845&apos;}] but found [ContactData{id=&apos;2147483647&apos;, name=&apos;Hanna&apos;}]
	at ru.stqa.pft.addressbook.test.NewContactCreation.testNewContactCreation(NewContactCreation.java:29)
... Removed 29 stack frames</pre></div><a href='#' onClick='toggleBox("stack-trace1646371921", this, "Click to show all stack frames", "Click to hide stack frames")'>Click to show all stack frames</a>
<div class='stack-trace' id='stack-trace1646371921'><pre>java.lang.AssertionError: Lists differ at element [8]: ContactData{id=&apos;43&apos;, name=&apos;Jezierska Hanna +483453845&apos;} != ContactData{id=&apos;2147483647&apos;, name=&apos;Hanna&apos;} expected [ContactData{id=&apos;43&apos;, name=&apos;Jezierska Hanna +483453845&apos;}] but found [ContactData{id=&apos;2147483647&apos;, name=&apos;Hanna&apos;}]
	at org.testng.Assert.fail(Assert.java:96)
	at org.testng.Assert.failNotEquals(Assert.java:776)
	at org.testng.Assert.assertEqualsImpl(Assert.java:137)
	at org.testng.Assert.assertEquals(Assert.java:831)
	at org.testng.Assert.assertEquals(Assert.java:796)
	at ru.stqa.pft.addressbook.test.NewContactCreation.testNewContactCreation(NewContactCreation.java:29)
	at sun.reflect.NativeMethodAccessorImpl.invoke0(Native Method)
	at sun.reflect.NativeMethodAccessorImpl.invoke(NativeMethodAccessorImpl.java:62)
	at sun.reflect.DelegatingMethodAccessorImpl.invoke(DelegatingMethodAccessorImpl.java:43)
	at java.lang.reflect.Method.invoke(Method.java:498)
	at org.testng.internal.MethodInvocationHelper.invokeMethod(MethodInvocationHelper.java:124)
	at org.testng.internal.Invoker.invokeMethod(Invoker.java:580)
	at org.testng.internal.Invoker.invokeTestMethod(Invoker.java:716)
	at org.testng.internal.Invoker.invokeTestMethods(Invoker.java:988)
	at org.testng.internal.TestMethodWorker.invokeTestMethods(TestMethodWorker.java:125)
	at org.testng.internal.TestMethodWorker.run(TestMethodWorker.java:109)
	at org.testng.TestRunner.privateRun(TestRunner.java:648)
	at org.testng.TestRunner.run(TestRunner.java:505)
	at org.testng.SuiteRunner.runTest(SuiteRunner.java:455)
	at org.testng.SuiteRunner.runSequentially(SuiteRunner.java:450)
	at org.testng.SuiteRunner.privateRun(SuiteRunner.java:415)
	at org.testng.SuiteRunner.run(SuiteRunner.java:364)
	at org.testng.SuiteRunnerWorker.runSuite(SuiteRunnerWorker.java:52)
	at org.testng.SuiteRunnerWorker.run(SuiteRunnerWorker.java:84)
	at org.testng.TestNG.runSuitesSequentially(TestNG.java:1208)
	at org.testng.TestNG.runSuitesLocally(TestNG.java:1137)
	at org.testng.TestNG.runSuites(TestNG.java:1049)
	at org.testng.TestNG.run(TestNG.java:1017)
	at org.testng.IDEARemoteTestNG.run(IDEARemoteTestNG.java:72)
	at org.testng.RemoteTestNGStarter.main(RemoteTestNGStarter.java:123)
</pre></div></td>
<td>5</td>
<td>ru.stqa.pft.addressbook.test.NewContactCreation@49e4cb85</td></tr>
</table><p>
<table width='100%' border='1' class='invocation-passed'>
<tr><td colspan='4' align='center'><b>PASSED TESTS</b></td></tr>
<tr><td><b>Test method</b></td>
<td width="30%"><b>Exception</b></td>
<td width="10%"><b>Time (seconds)</b></td>
<td><b>Instance</b></td>
</tr>
<tr>
<td title='ru.stqa.pft.addressbook.test.ContactDeletionTest.testContactDeletion()'><b>testContactDeletion</b><br>Test class: ru.stqa.pft.addressbook.test.ContactDeletionTest</td>
<td></td>
<td>4</td>
<td>ru.stqa.pft.addressbook.test.ContactDeletionTest@27f674d</td></tr>
<tr>
<td title='ru.stqa.pft.addressbook.test.GroupCreationTest.testGroupCreationTest()'><b>testGroupCreationTest</b><br>Test class: ru.stqa.pft.addressbook.test.GroupCreationTest</td>
<td></td>
<td>5</td>
<td>ru.stqa.pft.addressbook.test.GroupCreationTest@48140564</td></tr>
<tr>
<td title='ru.stqa.pft.addressbook.test.GroupDeletionTest.testGroupDeletion()'><b>testGroupDeletion</b><br>Test class: ru.stqa.pft.addressbook.test.GroupDeletionTest</td>
<td></td>
<td>3</td>
<td>ru.stqa.pft.addressbook.test.GroupDeletionTest@58ceff1</td></tr>
<tr>
<td title='ru.stqa.pft.addressbook.test.GroupModificationTest.testGroupModification()'><b>testGroupModification</b><br>Test class: ru.stqa.pft.addressbook.test.GroupModificationTest</td>
<td></td>
<td>4</td>
<td>ru.stqa.pft.addressbook.test.GroupModificationTest@7c30a502</td></tr>
</table><p>
</body>
</html>